app/build/intermediates/manifest_merge_blame_file/debug/processDebugMainManifest/manifest-merger-blame-debug-report.txt
1<?xml version="1.0" encoding="utf-8"?>
2<manifest xmlns:android="http://schemas.android.com/apk/res/android"
3    package="com.example.clubquest"
4    android:versionCode="1"
5    android:versionName="1.0" >
6
7    <uses-sdk
8        android:minSdkVersion="24"
9        android:targetSdkVersion="34" />
10
11    <!-- Add network permission -->
12    <uses-permission android:name="android.permission.INTERNET" />
12-->src/main/AndroidManifest.xml:6:5-67
12-->src/main/AndroidManifest.xml:6:22-64
13
14    <permission
14-->[androidx.core:core:1.10.1] AndroidManifest.xml:22:5-24:47
15        android:name="com.example.clubquest.DYNAMIC_RECEIVER_NOT_EXPORTED_PERMISSION"
15-->[androidx.core:core:1.10.1] AndroidManifest.xml:23:9-81
16        android:protectionLevel="signature" />
16-->[androidx.core:core:1.10.1] AndroidManifest.xml:24:9-44
17
18    <uses-permission android:name="com.example.clubquest.DYNAMIC_RECEIVER_NOT_EXPORTED_PERMISSION" />
18-->[androidx.core:core:1.10.1] AndroidManifest.xml:26:5-97
18-->[androidx.core:core:1.10.1] AndroidManifest.xml:26:22-94
19
20    <application
20-->src/main/AndroidManifest.xml:9:5-45:19
21        android:allowBackup="true"
21-->src/main/AndroidManifest.xml:10:9-35
22        android:appComponentFactory="androidx.core.app.CoreComponentFactory"
22-->[androidx.core:core:1.10.1] AndroidManifest.xml:28:18-86
23        android:dataExtractionRules="@xml/data_extraction_rules"
23-->src/main/AndroidManifest.xml:11:9-65
24        android:debuggable="true"
25        android:extractNativeLibs="false"
26        android:fullBackupContent="@xml/backup_rules"
26-->src/main/AndroidManifest.xml:12:9-54
27        android:icon="@mipmap/ic_launcher"
27-->src/main/AndroidManifest.xml:13:9-43
28        android:label="@string/app_name"
28-->src/main/AndroidManifest.xml:14:9-41
29        android:roundIcon="@mipmap/ic_launcher_round"
29-->src/main/AndroidManifest.xml:15:9-54
30        android:supportsRtl="true"
30-->src/main/AndroidManifest.xml:16:9-35
31        android:testOnly="true"
32        android:theme="@style/Theme.ClubQuest" >
32-->src/main/AndroidManifest.xml:17:9-47
33        <activity
33-->src/main/AndroidManifest.xml:19:9-23:54
34            android:name="com.example.clubquest.Search"
34-->src/main/AndroidManifest.xml:20:13-35
35            android:exported="false"
35-->src/main/AndroidManifest.xml:21:13-37
36            android:label="@string/title_activity_search"
36-->src/main/AndroidManifest.xml:22:13-58
37            android:theme="@style/Theme.ClubQuest" />
37-->src/main/AndroidManifest.xml:23:13-51
38        <activity
38-->src/main/AndroidManifest.xml:24:9-28:54
39            android:name="com.example.clubquest.SearchClubs"
39-->src/main/AndroidManifest.xml:25:13-40
40            android:exported="false"
40-->src/main/AndroidManifest.xml:26:13-37
41            android:label="@string/title_activity_search_clubs"
41-->src/main/AndroidManifest.xml:27:13-64
42            android:theme="@style/Theme.ClubQuest" />
42-->src/main/AndroidManifest.xml:28:13-51
43        <activity
43-->src/main/AndroidManifest.xml:29:9-33:54
44            android:name="com.example.clubquest.AddLeaguesToDB"
44-->src/main/AndroidManifest.xml:30:13-43
45            android:exported="false"
45-->src/main/AndroidManifest.xml:31:13-37
46            android:label="@string/title_activity_add_leagues_to_db"
46-->src/main/AndroidManifest.xml:32:13-69
47            android:theme="@style/Theme.ClubQuest" />
47-->src/main/AndroidManifest.xml:33:13-51
48        <activity
48-->src/main/AndroidManifest.xml:34:9-44:20
49            android:name="com.example.clubquest.MainActivity"
49-->src/main/AndroidManifest.xml:35:13-41
50            android:exported="true"
50-->src/main/AndroidManifest.xml:36:13-36
51            android:label="@string/app_name"
51-->src/main/AndroidManifest.xml:37:13-45
52            android:theme="@style/Theme.ClubQuest" >
52-->src/main/AndroidManifest.xml:38:13-51
53            <intent-filter>
53-->src/main/AndroidManifest.xml:39:13-43:29
54                <action android:name="android.intent.action.MAIN" />
54-->src/main/AndroidManifest.xml:40:17-69
54-->src/main/AndroidManifest.xml:40:25-66
55
56                <category android:name="android.intent.category.LAUNCHER" />
56-->src/main/AndroidManifest.xml:42:17-77
56-->src/main/AndroidManifest.xml:42:27-74
57            </intent-filter>
58        </activity>
59        <activity
59-->[androidx.compose.ui:ui-test-manifest:1.5.0] AndroidManifest.xml:23:9-25:39
60            android:name="androidx.activity.ComponentActivity"
60-->[androidx.compose.ui:ui-test-manifest:1.5.0] AndroidManifest.xml:24:13-63
61            android:exported="true" />
61-->[androidx.compose.ui:ui-test-manifest:1.5.0] AndroidManifest.xml:25:13-36
62        <activity
62-->[androidx.compose.ui:ui-tooling-android:1.5.0] AndroidManifest.xml:23:9-25:39
63            android:name="androidx.compose.ui.tooling.PreviewActivity"
63-->[androidx.compose.ui:ui-tooling-android:1.5.0] AndroidManifest.xml:24:13-71
64            android:exported="true" />
64-->[androidx.compose.ui:ui-tooling-android:1.5.0] AndroidManifest.xml:25:13-36
65
66        <provider
66-->[androidx.emoji2:emoji2:1.4.0] AndroidManifest.xml:24:9-32:20
67            android:name="androidx.startup.InitializationProvider"
67-->[androidx.emoji2:emoji2:1.4.0] AndroidManifest.xml:25:13-67
68            android:authorities="com.example.clubquest.androidx-startup"
68-->[androidx.emoji2:emoji2:1.4.0] AndroidManifest.xml:26:13-68
69            android:exported="false" >
69-->[androidx.emoji2:emoji2:1.4.0] AndroidManifest.xml:27:13-37
70            <meta-data
70-->[androidx.emoji2:emoji2:1.4.0] AndroidManifest.xml:29:13-31:52
71                android:name="androidx.emoji2.text.EmojiCompatInitializer"
71-->[androidx.emoji2:emoji2:1.4.0] AndroidManifest.xml:30:17-75
72                android:value="androidx.startup" />
72-->[androidx.emoji2:emoji2:1.4.0] AndroidManifest.xml:31:17-49
73            <meta-data
73-->[androidx.lifecycle:lifecycle-process:2.6.1] AndroidManifest.xml:29:13-31:52
74                android:name="androidx.lifecycle.ProcessLifecycleInitializer"
74-->[androidx.lifecycle:lifecycle-process:2.6.1] AndroidManifest.xml:30:17-78
75                android:value="androidx.startup" />
75-->[androidx.lifecycle:lifecycle-process:2.6.1] AndroidManifest.xml:31:17-49
76            <meta-data
76-->[androidx.profileinstaller:profileinstaller:1.3.0] AndroidManifest.xml:29:13-31:52
77                android:name="androidx.profileinstaller.ProfileInstallerInitializer"
77-->[androidx.profileinstaller:profileinstaller:1.3.0] AndroidManifest.xml:30:17-85
78                android:value="androidx.startup" />
78-->[androidx.profileinstaller:profileinstaller:1.3.0] AndroidManifest.xml:31:17-49
79        </provider>
80
81        <service
81-->[androidx.room:room-runtime:2.6.1] AndroidManifest.xml:24:9-28:63
82            android:name="androidx.room.MultiInstanceInvalidationService"
82-->[androidx.room:room-runtime:2.6.1] AndroidManifest.xml:25:13-74
83            android:directBootAware="true"
83-->[androidx.room:room-runtime:2.6.1] AndroidManifest.xml:26:13-43
84            android:exported="false" />
84-->[androidx.room:room-runtime:2.6.1] AndroidManifest.xml:27:13-37
85
86        <receiver
86-->[androidx.profileinstaller:profileinstaller:1.3.0] AndroidManifest.xml:34:9-52:20
87            android:name="androidx.profileinstaller.ProfileInstallReceiver"
87-->[androidx.profileinstaller:profileinstaller:1.3.0] AndroidManifest.xml:35:13-76
88            android:directBootAware="false"
88-->[androidx.profileinstaller:profileinstaller:1.3.0] AndroidManifest.xml:36:13-44
89            android:enabled="true"
89-->[androidx.profileinstaller:profileinstaller:1.3.0] AndroidManifest.xml:37:13-35
90            android:exported="true"
90-->[androidx.profileinstaller:profileinstaller:1.3.0] AndroidManifest.xml:38:13-36
91            android:permission="android.permission.DUMP" >
91-->[androidx.profileinstaller:profileinstaller:1.3.0] AndroidManifest.xml:39:13-57
92            <intent-filter>
92-->[androidx.profileinstaller:profileinstaller:1.3.0] AndroidManifest.xml:40:13-42:29
93                <action android:name="androidx.profileinstaller.action.INSTALL_PROFILE" />
93-->[androidx.profileinstaller:profileinstaller:1.3.0] AndroidManifest.xml:41:17-91
93-->[androidx.profileinstaller:profileinstaller:1.3.0] AndroidManifest.xml:41:25-88
94            </intent-filter>
95            <intent-filter>
95-->[androidx.profileinstaller:profileinstaller:1.3.0] AndroidManifest.xml:43:13-45:29
96                <action android:name="androidx.profileinstaller.action.SKIP_FILE" />
96-->[androidx.profileinstaller:profileinstaller:1.3.0] AndroidManifest.xml:44:17-85
96-->[androidx.profileinstaller:profileinstaller:1.3.0] AndroidManifest.xml:44:25-82
97            </intent-filter>
98            <intent-filter>
98-->[androidx.profileinstaller:profileinstaller:1.3.0] AndroidManifest.xml:46:13-48:29
99                <action android:name="androidx.profileinstaller.action.SAVE_PROFILE" />
99-->[androidx.profileinstaller:profileinstaller:1.3.0] AndroidManifest.xml:47:17-88
99-->[androidx.profileinstaller:profileinstaller:1.3.0] AndroidManifest.xml:47:25-85
100            </intent-filter>
101            <intent-filter>
101-->[androidx.profileinstaller:profileinstaller:1.3.0] AndroidManifest.xml:49:13-51:29
102                <action android:name="androidx.profileinstaller.action.BENCHMARK_OPERATION" />
102-->[androidx.profileinstaller:profileinstaller:1.3.0] AndroidManifest.xml:50:17-95
102-->[androidx.profileinstaller:profileinstaller:1.3.0] AndroidManifest.xml:50:25-92
103            </intent-filter>
104        </receiver>
105    </application>
106
107</manifest>